2023-02-22 14:33:18,749 INFO impl.MetricsConfig: Loaded properties from hadoop-metrics2.properties
2023-02-22 14:33:18,814 INFO impl.MetricsSystemImpl: Scheduled Metric snapshot period at 10 second(s).
2023-02-22 14:33:18,815 INFO impl.MetricsSystemImpl: JobTracker metrics system started
2023-02-22 14:33:18,866 WARN mapreduce.JobResourceUploader: Hadoop command-line option parsing not performed. Implement the Tool interface and execute your application with ToolRunner to remedy this.
2023-02-22 14:33:18,931 INFO input.FileInputFormat: Total input files to process : 1
2023-02-22 14:33:18,963 INFO mapreduce.JobSubmitter: number of splits:1
2023-02-22 14:33:19,072 INFO mapreduce.JobSubmitter: Submitting tokens for job: job_local99179130_0001
2023-02-22 14:33:19,072 INFO mapreduce.JobSubmitter: Executing with tokens: []
2023-02-22 14:33:19,150 INFO mapreduce.Job: The url to track the job: http://localhost:8080/
2023-02-22 14:33:19,152 INFO mapreduce.Job: Running job: job_local99179130_0001
2023-02-22 14:33:19,159 INFO mapred.LocalJobRunner: OutputCommitter set in config null
2023-02-22 14:33:19,167 INFO output.FileOutputCommitter: File Output Committer Algorithm version is 2
2023-02-22 14:33:19,167 INFO output.FileOutputCommitter: FileOutputCommitter skip cleanup _temporary folders under output directory:false, ignore cleanup failures: false
2023-02-22 14:33:19,168 INFO mapred.LocalJobRunner: OutputCommitter is org.apache.hadoop.mapreduce.lib.output.FileOutputCommitter
2023-02-22 14:33:19,293 INFO mapred.LocalJobRunner: Waiting for map tasks
2023-02-22 14:33:19,294 INFO mapred.LocalJobRunner: Starting task: attempt_local99179130_0001_m_000000_0
2023-02-22 14:33:19,311 INFO output.FileOutputCommitter: File Output Committer Algorithm version is 2
2023-02-22 14:33:19,311 INFO output.FileOutputCommitter: FileOutputCommitter skip cleanup _temporary folders under output directory:false, ignore cleanup failures: false
2023-02-22 14:33:19,349 INFO mapred.Task:  Using ResourceCalculatorProcessTree : [ ]
2023-02-22 14:33:19,351 INFO mapred.MapTask: Processing split: file:/home/ksavaliya/project1/small-twitter.csv:0+194759
2023-02-22 14:33:19,369 INFO mapred.MapTask: (EQUATOR) 0 kvi 26214396(104857584)
2023-02-22 14:33:19,369 INFO mapred.MapTask: mapreduce.task.io.sort.mb: 100
2023-02-22 14:33:19,369 INFO mapred.MapTask: soft limit at 83886080
2023-02-22 14:33:19,369 INFO mapred.MapTask: bufstart = 0; bufvoid = 104857600
2023-02-22 14:33:19,369 INFO mapred.MapTask: kvstart = 26214396; length = 6553600
2023-02-22 14:33:19,372 INFO mapred.MapTask: Map output collector class = org.apache.hadoop.mapred.MapTask$MapOutputBuffer
2023-02-22 14:33:19,693 INFO mapred.LocalJobRunner: 
2023-02-22 14:33:19,693 INFO mapred.MapTask: Starting flush of map output
2023-02-22 14:33:19,693 INFO mapred.MapTask: Spilling map output
2023-02-22 14:33:19,693 INFO mapred.MapTask: bufstart = 0; bufend = 80000; bufvoid = 104857600
2023-02-22 14:33:19,693 INFO mapred.MapTask: kvstart = 26214396(104857584); kvend = 26174400(104697600); length = 39997/6553600
2023-02-22 14:33:19,717 INFO mapred.MapTask: Finished spill 0
2023-02-22 14:33:19,724 INFO mapred.Task: Task:attempt_local99179130_0001_m_000000_0 is done. And is in the process of committing
2023-02-22 14:33:19,725 INFO mapred.LocalJobRunner: map
2023-02-22 14:33:19,725 INFO mapred.Task: Task 'attempt_local99179130_0001_m_000000_0' done.
2023-02-22 14:33:19,730 INFO mapred.Task: Final Counters for attempt_local99179130_0001_m_000000_0: Counters: 17
	File System Counters
		FILE: Number of bytes read=199671
		FILE: Number of bytes written=647417
		FILE: Number of read operations=0
		FILE: Number of large read operations=0
		FILE: Number of write operations=0
	Map-Reduce Framework
		Map input records=10000
		Map output records=10000
		Map output bytes=80000
		Map output materialized bytes=100006
		Input split bytes=112
		Combine input records=0
		Spilled Records=10000
		Failed Shuffles=0
		Merged Map outputs=0
		GC time elapsed (ms)=32
		Total committed heap usage (bytes)=2147483648
	File Input Format Counters 
		Bytes Read=194759
2023-02-22 14:33:19,730 INFO mapred.LocalJobRunner: Finishing task: attempt_local99179130_0001_m_000000_0
2023-02-22 14:33:19,731 INFO mapred.LocalJobRunner: map task executor complete.
2023-02-22 14:33:19,735 INFO mapred.LocalJobRunner: Waiting for reduce tasks
2023-02-22 14:33:19,735 INFO mapred.LocalJobRunner: Starting task: attempt_local99179130_0001_r_000000_0
2023-02-22 14:33:19,741 INFO output.FileOutputCommitter: File Output Committer Algorithm version is 2
2023-02-22 14:33:19,741 INFO output.FileOutputCommitter: FileOutputCommitter skip cleanup _temporary folders under output directory:false, ignore cleanup failures: false
2023-02-22 14:33:19,741 INFO mapred.Task:  Using ResourceCalculatorProcessTree : [ ]
2023-02-22 14:33:19,743 INFO mapred.ReduceTask: Using ShuffleConsumerPlugin: org.apache.hadoop.mapreduce.task.reduce.Shuffle@69afe201
2023-02-22 14:33:19,744 WARN impl.MetricsSystemImpl: JobTracker metrics system already initialized!
2023-02-22 14:33:19,756 INFO reduce.MergeManagerImpl: The max number of bytes for a single in-memory shuffle cannot be larger than Integer.MAX_VALUE. Setting it to Integer.MAX_VALUE
2023-02-22 14:33:19,756 INFO reduce.MergeManagerImpl: MergerManager: memoryLimit=22525089792, maxSingleShuffleLimit=2147483647, mergeThreshold=14866560000, ioSortFactor=10, memToMemMergeOutputsThreshold=10
2023-02-22 14:33:19,758 INFO reduce.EventFetcher: attempt_local99179130_0001_r_000000_0 Thread started: EventFetcher for fetching Map Completion Events
2023-02-22 14:33:19,778 INFO reduce.LocalFetcher: localfetcher#1 about to shuffle output of map attempt_local99179130_0001_m_000000_0 decomp: 100002 len: 100006 to MEMORY
2023-02-22 14:33:19,781 INFO reduce.InMemoryMapOutput: Read 100002 bytes from map-output for attempt_local99179130_0001_m_000000_0
2023-02-22 14:33:19,781 INFO reduce.MergeManagerImpl: closeInMemoryFile -> map-output of size: 100002, inMemoryMapOutputs.size() -> 1, commitMemory -> 0, usedMemory ->100002
2023-02-22 14:33:19,783 INFO reduce.EventFetcher: EventFetcher is interrupted.. Returning
2023-02-22 14:33:19,784 INFO mapred.LocalJobRunner: 1 / 1 copied.
2023-02-22 14:33:19,784 INFO reduce.MergeManagerImpl: finalMerge called with 1 in-memory map-outputs and 0 on-disk map-outputs
2023-02-22 14:33:19,788 INFO mapred.Merger: Merging 1 sorted segments
2023-02-22 14:33:19,788 INFO mapred.Merger: Down to the last merge-pass, with 1 segments left of total size: 99996 bytes
2023-02-22 14:33:19,795 INFO reduce.MergeManagerImpl: Merged 1 segments, 100002 bytes to disk to satisfy reduce memory limit
2023-02-22 14:33:19,795 INFO reduce.MergeManagerImpl: Merging 1 files, 100006 bytes from disk
2023-02-22 14:33:19,796 INFO reduce.MergeManagerImpl: Merging 0 segments, 0 bytes from memory into reduce
2023-02-22 14:33:19,796 INFO mapred.Merger: Merging 1 sorted segments
2023-02-22 14:33:19,796 INFO mapred.Merger: Down to the last merge-pass, with 1 segments left of total size: 99996 bytes
2023-02-22 14:33:19,796 INFO mapred.LocalJobRunner: 1 / 1 copied.
2023-02-22 14:33:19,881 INFO Configuration.deprecation: mapred.skip.on is deprecated. Instead, use mapreduce.job.skiprecords
2023-02-22 14:33:19,951 INFO mapred.Task: Task:attempt_local99179130_0001_r_000000_0 is done. And is in the process of committing
2023-02-22 14:33:19,952 INFO mapred.LocalJobRunner: 1 / 1 copied.
2023-02-22 14:33:19,952 INFO mapred.Task: Task attempt_local99179130_0001_r_000000_0 is allowed to commit now
2023-02-22 14:33:19,991 INFO output.FileOutputCommitter: Saved output of task 'attempt_local99179130_0001_r_000000_0' to file:/home/ksavaliya/project1/temp
2023-02-22 14:33:19,992 INFO mapred.LocalJobRunner: reduce > reduce
2023-02-22 14:33:19,992 INFO mapred.Task: Task 'attempt_local99179130_0001_r_000000_0' done.
2023-02-22 14:33:19,993 INFO mapred.Task: Final Counters for attempt_local99179130_0001_r_000000_0: Counters: 24
	File System Counters
		FILE: Number of bytes read=399715
		FILE: Number of bytes written=853755
		FILE: Number of read operations=0
		FILE: Number of large read operations=0
		FILE: Number of write operations=0
	Map-Reduce Framework
		Combine input records=0
		Combine output records=0
		Reduce input groups=9191
		Reduce shuffle bytes=100006
		Reduce input records=10000
		Reduce output records=9191
		Spilled Records=10000
		Shuffled Maps =1
		Failed Shuffles=0
		Merged Map outputs=1
		GC time elapsed (ms)=0
		Total committed heap usage (bytes)=2147483648
	Shuffle Errors
		BAD_ID=0
		CONNECTION=0
		IO_ERROR=0
		WRONG_LENGTH=0
		WRONG_MAP=0
		WRONG_REDUCE=0
	File Output Format Counters 
		Bytes Written=106332
2023-02-22 14:33:19,993 INFO mapred.LocalJobRunner: Finishing task: attempt_local99179130_0001_r_000000_0
2023-02-22 14:33:19,993 INFO mapred.LocalJobRunner: reduce task executor complete.
2023-02-22 14:33:20,162 INFO mapreduce.Job: Job job_local99179130_0001 running in uber mode : false
2023-02-22 14:33:20,163 INFO mapreduce.Job:  map 100% reduce 100%
2023-02-22 14:33:20,164 INFO mapreduce.Job: Job job_local99179130_0001 completed successfully
2023-02-22 14:33:20,170 INFO mapreduce.Job: Counters: 30
	File System Counters
		FILE: Number of bytes read=599386
		FILE: Number of bytes written=1501172
		FILE: Number of read operations=0
		FILE: Number of large read operations=0
		FILE: Number of write operations=0
	Map-Reduce Framework
		Map input records=10000
		Map output records=10000
		Map output bytes=80000
		Map output materialized bytes=100006
		Input split bytes=112
		Combine input records=0
		Combine output records=0
		Reduce input groups=9191
		Reduce shuffle bytes=100006
		Reduce input records=10000
		Reduce output records=9191
		Spilled Records=20000
		Shuffled Maps =1
		Failed Shuffles=0
		Merged Map outputs=1
		GC time elapsed (ms)=32
		Total committed heap usage (bytes)=4294967296
	Shuffle Errors
		BAD_ID=0
		CONNECTION=0
		IO_ERROR=0
		WRONG_LENGTH=0
		WRONG_MAP=0
		WRONG_REDUCE=0
	File Input Format Counters 
		Bytes Read=194759
	File Output Format Counters 
		Bytes Written=106332
2023-02-22 14:33:20,184 WARN impl.MetricsSystemImpl: JobTracker metrics system already initialized!
2023-02-22 14:33:20,185 WARN mapreduce.JobResourceUploader: Hadoop command-line option parsing not performed. Implement the Tool interface and execute your application with ToolRunner to remedy this.
2023-02-22 14:33:20,191 INFO input.FileInputFormat: Total input files to process : 1
2023-02-22 14:33:20,193 INFO mapreduce.JobSubmitter: number of splits:1
2023-02-22 14:33:20,202 INFO mapreduce.JobSubmitter: Submitting tokens for job: job_local32725814_0002
2023-02-22 14:33:20,202 INFO mapreduce.JobSubmitter: Executing with tokens: []
2023-02-22 14:33:20,246 INFO mapreduce.Job: The url to track the job: http://localhost:8080/
2023-02-22 14:33:20,246 INFO mapreduce.Job: Running job: job_local32725814_0002
2023-02-22 14:33:20,247 INFO mapred.LocalJobRunner: OutputCommitter set in config null
2023-02-22 14:33:20,247 INFO output.FileOutputCommitter: File Output Committer Algorithm version is 2
2023-02-22 14:33:20,247 INFO output.FileOutputCommitter: FileOutputCommitter skip cleanup _temporary folders under output directory:false, ignore cleanup failures: false
2023-02-22 14:33:20,247 INFO mapred.LocalJobRunner: OutputCommitter is org.apache.hadoop.mapreduce.lib.output.FileOutputCommitter
2023-02-22 14:33:20,347 INFO mapred.LocalJobRunner: Waiting for map tasks
2023-02-22 14:33:20,347 INFO mapred.LocalJobRunner: Starting task: attempt_local32725814_0002_m_000000_0
2023-02-22 14:33:20,348 INFO output.FileOutputCommitter: File Output Committer Algorithm version is 2
2023-02-22 14:33:20,348 INFO output.FileOutputCommitter: FileOutputCommitter skip cleanup _temporary folders under output directory:false, ignore cleanup failures: false
2023-02-22 14:33:20,348 INFO mapred.Task:  Using ResourceCalculatorProcessTree : [ ]
2023-02-22 14:33:20,349 INFO mapred.MapTask: Processing split: file:/home/ksavaliya/project1/temp/part-r-00000:0+105496
2023-02-22 14:33:20,360 INFO mapred.MapTask: (EQUATOR) 0 kvi 26214396(104857584)
2023-02-22 14:33:20,360 INFO mapred.MapTask: mapreduce.task.io.sort.mb: 100
2023-02-22 14:33:20,360 INFO mapred.MapTask: soft limit at 83886080
2023-02-22 14:33:20,360 INFO mapred.MapTask: bufstart = 0; bufvoid = 104857600
2023-02-22 14:33:20,360 INFO mapred.MapTask: kvstart = 26214396; length = 6553600
2023-02-22 14:33:20,361 INFO mapred.MapTask: Map output collector class = org.apache.hadoop.mapred.MapTask$MapOutputBuffer
2023-02-22 14:33:20,560 INFO mapred.LocalJobRunner: 
2023-02-22 14:33:20,560 INFO mapred.MapTask: Starting flush of map output
2023-02-22 14:33:20,560 INFO mapred.MapTask: Spilling map output
2023-02-22 14:33:20,560 INFO mapred.MapTask: bufstart = 0; bufend = 73528; bufvoid = 104857600
2023-02-22 14:33:20,560 INFO mapred.MapTask: kvstart = 26214396(104857584); kvend = 26177636(104710544); length = 36761/6553600
2023-02-22 14:33:20,568 INFO mapred.MapTask: Finished spill 0
2023-02-22 14:33:20,569 INFO mapred.Task: Task:attempt_local32725814_0002_m_000000_0 is done. And is in the process of committing
2023-02-22 14:33:20,570 INFO mapred.LocalJobRunner: map
2023-02-22 14:33:20,570 INFO mapred.Task: Task 'attempt_local32725814_0002_m_000000_0' done.
2023-02-22 14:33:20,570 INFO mapred.Task: Final Counters for attempt_local32725814_0002_m_000000_0: Counters: 17
	File System Counters
		FILE: Number of bytes read=510963
		FILE: Number of bytes written=1493068
		FILE: Number of read operations=0
		FILE: Number of large read operations=0
		FILE: Number of write operations=0
	Map-Reduce Framework
		Map input records=9191
		Map output records=9191
		Map output bytes=73528
		Map output materialized bytes=91916
		Input split bytes=112
		Combine input records=0
		Spilled Records=9191
		Failed Shuffles=0
		Merged Map outputs=0
		GC time elapsed (ms)=6
		Total committed heap usage (bytes)=2579496960
	File Input Format Counters 
		Bytes Read=106336
2023-02-22 14:33:20,571 INFO mapred.LocalJobRunner: Finishing task: attempt_local32725814_0002_m_000000_0
2023-02-22 14:33:20,571 INFO mapred.LocalJobRunner: map task executor complete.
2023-02-22 14:33:20,572 INFO mapred.LocalJobRunner: Waiting for reduce tasks
2023-02-22 14:33:20,572 INFO mapred.LocalJobRunner: Starting task: attempt_local32725814_0002_r_000000_0
2023-02-22 14:33:20,573 INFO output.FileOutputCommitter: File Output Committer Algorithm version is 2
2023-02-22 14:33:20,573 INFO output.FileOutputCommitter: FileOutputCommitter skip cleanup _temporary folders under output directory:false, ignore cleanup failures: false
2023-02-22 14:33:20,574 INFO mapred.Task:  Using ResourceCalculatorProcessTree : [ ]
2023-02-22 14:33:20,574 INFO mapred.ReduceTask: Using ShuffleConsumerPlugin: org.apache.hadoop.mapreduce.task.reduce.Shuffle@7a6fbda4
2023-02-22 14:33:20,574 WARN impl.MetricsSystemImpl: JobTracker metrics system already initialized!
2023-02-22 14:33:20,575 INFO reduce.MergeManagerImpl: The max number of bytes for a single in-memory shuffle cannot be larger than Integer.MAX_VALUE. Setting it to Integer.MAX_VALUE
2023-02-22 14:33:20,575 INFO reduce.MergeManagerImpl: MergerManager: memoryLimit=22525089792, maxSingleShuffleLimit=2147483647, mergeThreshold=14866560000, ioSortFactor=10, memToMemMergeOutputsThreshold=10
2023-02-22 14:33:20,575 INFO reduce.EventFetcher: attempt_local32725814_0002_r_000000_0 Thread started: EventFetcher for fetching Map Completion Events
2023-02-22 14:33:20,577 INFO reduce.LocalFetcher: localfetcher#2 about to shuffle output of map attempt_local32725814_0002_m_000000_0 decomp: 91912 len: 91916 to MEMORY
2023-02-22 14:33:20,577 INFO reduce.InMemoryMapOutput: Read 91912 bytes from map-output for attempt_local32725814_0002_m_000000_0
2023-02-22 14:33:20,578 INFO reduce.MergeManagerImpl: closeInMemoryFile -> map-output of size: 91912, inMemoryMapOutputs.size() -> 1, commitMemory -> 0, usedMemory ->91912
2023-02-22 14:33:20,578 INFO reduce.EventFetcher: EventFetcher is interrupted.. Returning
2023-02-22 14:33:20,579 INFO mapred.LocalJobRunner: 1 / 1 copied.
2023-02-22 14:33:20,579 INFO reduce.MergeManagerImpl: finalMerge called with 1 in-memory map-outputs and 0 on-disk map-outputs
2023-02-22 14:33:20,579 INFO mapred.Merger: Merging 1 sorted segments
2023-02-22 14:33:20,580 INFO mapred.Merger: Down to the last merge-pass, with 1 segments left of total size: 91906 bytes
2023-02-22 14:33:20,583 INFO reduce.MergeManagerImpl: Merged 1 segments, 91912 bytes to disk to satisfy reduce memory limit
2023-02-22 14:33:20,583 INFO reduce.MergeManagerImpl: Merging 1 files, 91916 bytes from disk
2023-02-22 14:33:20,583 INFO reduce.MergeManagerImpl: Merging 0 segments, 0 bytes from memory into reduce
2023-02-22 14:33:20,583 INFO mapred.Merger: Merging 1 sorted segments
2023-02-22 14:33:20,584 INFO mapred.Merger: Down to the last merge-pass, with 1 segments left of total size: 91906 bytes
2023-02-22 14:33:20,584 INFO mapred.LocalJobRunner: 1 / 1 copied.
2023-02-22 14:33:20,663 INFO mapred.Task: Task:attempt_local32725814_0002_r_000000_0 is done. And is in the process of committing
2023-02-22 14:33:20,663 INFO mapred.LocalJobRunner: 1 / 1 copied.
2023-02-22 14:33:20,663 INFO mapred.Task: Task attempt_local32725814_0002_r_000000_0 is allowed to commit now
2023-02-22 14:33:20,682 INFO output.FileOutputCommitter: Saved output of task 'attempt_local32725814_0002_r_000000_0' to file:/home/ksavaliya/project1/output
2023-02-22 14:33:20,682 INFO mapred.LocalJobRunner: reduce > reduce
2023-02-22 14:33:20,682 INFO mapred.Task: Task 'attempt_local32725814_0002_r_000000_0' done.
2023-02-22 14:33:20,682 INFO mapred.Task: Final Counters for attempt_local32725814_0002_r_000000_0: Counters: 24
	File System Counters
		FILE: Number of bytes read=694827
		FILE: Number of bytes written=1585031
		FILE: Number of read operations=0
		FILE: Number of large read operations=0
		FILE: Number of write operations=0
	Map-Reduce Framework
		Combine input records=0
		Combine output records=0
		Reduce input groups=7
		Reduce shuffle bytes=91916
		Reduce input records=9191
		Reduce output records=7
		Spilled Records=9191
		Shuffled Maps =1
		Failed Shuffles=0
		Merged Map outputs=1
		GC time elapsed (ms)=0
		Total committed heap usage (bytes)=2579496960
	Shuffle Errors
		BAD_ID=0
		CONNECTION=0
		IO_ERROR=0
		WRONG_LENGTH=0
		WRONG_MAP=0
		WRONG_REDUCE=0
	File Output Format Counters 
		Bytes Written=47
2023-02-22 14:33:20,682 INFO mapred.LocalJobRunner: Finishing task: attempt_local32725814_0002_r_000000_0
2023-02-22 14:33:20,683 INFO mapred.LocalJobRunner: reduce task executor complete.
2023-02-22 14:33:21,247 INFO mapreduce.Job: Job job_local32725814_0002 running in uber mode : false
2023-02-22 14:33:21,247 INFO mapreduce.Job:  map 100% reduce 100%
2023-02-22 14:33:21,247 INFO mapreduce.Job: Job job_local32725814_0002 completed successfully
2023-02-22 14:33:21,251 INFO mapreduce.Job: Counters: 30
	File System Counters
		FILE: Number of bytes read=1205790
		FILE: Number of bytes written=3078099
		FILE: Number of read operations=0
		FILE: Number of large read operations=0
		FILE: Number of write operations=0
	Map-Reduce Framework
		Map input records=9191
		Map output records=9191
		Map output bytes=73528
		Map output materialized bytes=91916
		Input split bytes=112
		Combine input records=0
		Combine output records=0
		Reduce input groups=7
		Reduce shuffle bytes=91916
		Reduce input records=9191
		Reduce output records=7
		Spilled Records=18382
		Shuffled Maps =1
		Failed Shuffles=0
		Merged Map outputs=1
		GC time elapsed (ms)=6
		Total committed heap usage (bytes)=5158993920
	Shuffle Errors
		BAD_ID=0
		CONNECTION=0
		IO_ERROR=0
		WRONG_LENGTH=0
		WRONG_MAP=0
		WRONG_REDUCE=0
	File Input Format Counters 
		Bytes Read=106336
	File Output Format Counters 
		Bytes Written=47
